<?xml version="1.0" encoding="UTF-8"?>
<!-- Generated by org.testng.reporters.JUnitReportReporter -->
<testsuite hostname="LAPTOP-UI1IUVT1" failures="0" tests="1" name="org.demo.Demo" time="12.447" errors="0" timestamp="2024-02-18T14:59:09 IST" skipped="0">
  <testcase classname="org.demo.Demo" name="testName" time="12.447"/>
</testsuite> <!-- org.demo.Demo -->
